Arguments: 
  /Users/kozlovvski/.nvm/versions/node/v16.13.0/bin/node /opt/homebrew/Cellar/yarn/1.22.19/libexec/bin/yarn.js add --dev @types/clc

PATH: 
  /opt/homebrew/opt/mysql@5.7/bin:/Users/kozlovvski/.nvm/versions/node/v16.13.0/bin:/Users/kozlovvski/.rvm/gems/ruby-2.7.6/bin:/Users/kozlovvski/.rvm/gems/ruby-2.7.6@global/bin:/Users/kozlovvski/.rvm/rubies/ruby-2.7.6/bin:/opt/homebrew/bin:/opt/homebrew/sbin:/usr/local/bin:/System/Cryptexes/App/usr/bin:/usr/bin:/bin:/usr/sbin:/sbin:/Users/kozlovvski/.rvm/gems/ruby-2.7.6/bin:/Users/kozlovvski/.rvm/gems/ruby-2.7.6@global/bin:/Users/kozlovvski/.rvm/rubies/ruby-2.7.6/bin:/opt/homebrew/opt/mysql@5.7/bin:/Users/kozlovvski/.nvm/versions/node/v16.13.0/bin:/opt/homebrew/bin:/opt/homebrew/sbin:/Users/kozlovvski/.rvm/bin:/Users/kozlovvski/.rvm/bin:/opt/homebrew/opt/mysql@5.7/bin:/Users/kozlovvski/.rvm/bin

Yarn version: 
  1.22.19

Node version: 
  16.13.0

Platform: 
  darwin arm64

Trace: 
  Error: https://registry.yarnpkg.com/@types%2fclc: Not found
      at Request.params.callback [as _callback] (/opt/homebrew/Cellar/yarn/1.22.19/libexec/lib/cli.js:66145:18)
      at Request.self.callback (/opt/homebrew/Cellar/yarn/1.22.19/libexec/lib/cli.js:140890:22)
      at Request.emit (node:events:390:28)
      at Request.<anonymous> (/opt/homebrew/Cellar/yarn/1.22.19/libexec/lib/cli.js:141862:10)
      at Request.emit (node:events:390:28)
      at IncomingMessage.<anonymous> (/opt/homebrew/Cellar/yarn/1.22.19/libexec/lib/cli.js:141784:12)
      at Object.onceWrapper (node:events:509:28)
      at IncomingMessage.emit (node:events:402:35)
      at endReadableNT (node:internal/streams/readable:1343:12)
      at processTicksAndRejections (node:internal/process/task_queues:83:21)

npm manifest: 
  {
    "name": "secret-santa",
    "type": "module",
    "version": "1.0.0",
    "description": "",
    "main": "index.js",
    "scripts": {
      "test": "echo \"Error: no test specified\" && exit 1"
    },
    "author": "",
    "license": "ISC",
    "dependencies": {
      "nodemailer": "^6.8.0"
    },
    "devDependencies": {
      "clc": "^1.0.2",
      "dotenv": "^16.0.3"
    }
  }

yarn manifest: 
  No manifest

Lockfile: 
  # THIS IS AN AUTOGENERATED FILE. DO NOT EDIT THIS FILE DIRECTLY.
  # yarn lockfile v1
  
  
  clc@^1.0.2:
    version "1.0.2"
    resolved "https://registry.yarnpkg.com/clc/-/clc-1.0.2.tgz#8fdb255ac297170a980239bc4bcbaa7e29d55a94"
    integrity sha512-qGZbaJjRXjNZ4Gym3DeHJUvdnKxTeG44xKpQ95l3eZ1zvgdZz/JQIjpq4F2/AsG1ENnunoJAWNfTk1SSZQCf+w==
    dependencies:
      commander "^2.9.0"
  
  commander@^2.9.0:
    version "2.20.3"
    resolved "https://registry.yarnpkg.com/commander/-/commander-2.20.3.tgz#fd485e84c03eb4881c20722ba48035e8531aeb33"
    integrity sha512-GpVkmM8vF2vQUkj2LvZmD35JxeJOLCwJ9cUkugyk2nuhbv3+mJvpLYYt+0+USMxE+oj+ey/lJEnhZw75x/OMcQ==
  
  dotenv@^16.0.3:
    version "16.0.3"
    resolved "https://registry.yarnpkg.com/dotenv/-/dotenv-16.0.3.tgz#115aec42bac5053db3c456db30cc243a5a836a07"
    integrity sha512-7GO6HghkA5fYG9TYnNxi14/7K9f5occMlp3zXAuSxn7CKCxt9xbNWG7yF8hTCSUchlfWSe3uLmlPfigevRItzQ==
  
  nodemailer@^6.8.0:
    version "6.8.0"
    resolved "https://registry.yarnpkg.com/nodemailer/-/nodemailer-6.8.0.tgz#804bcc5256ee5523bc914506ee59f8de8f0b1cd5"
    integrity sha512-EjYvSmHzekz6VNkNd12aUqAco+bOkRe3Of5jVhltqKhEsjw/y0PYPJfp83+s9Wzh1dspYAkUW/YNQ350NATbSQ==
